This file contains any messages produced by compilers while
running configure, to aid debugging if configure makes a mistake.

It was created by dsclim configure 1.5.16, which was
generated by GNU Autoconf 2.63.  Invocation command line was

  $ ./configure --prefix=/home/globc/page/codes/local --with-debugging=4 --with-udunits=/usr/local_gcc --with-xml2=/usr --with-netcdf=/softs/netcdf/4.3.3.1/gcc-4.4.6

## --------- ##
## Platform. ##
## --------- ##

hostname = globcnode
uname -m = x86_64
uname -r = 2.6.32-220.el6.x86_64
uname -s = Linux
uname -v = #1 SMP Tue Dec 6 19:48:22 GMT 2011

/usr/bin/uname -p = unknown
/bin/uname -X     = unknown

/bin/arch              = x86_64
/usr/bin/arch -k       = unknown
/usr/convex/getsysinfo = unknown
/usr/bin/hostinfo      = unknown
/bin/machine           = unknown
/usr/bin/oslevel       = unknown
/bin/universe          = unknown

PATH: /usr/bin
PATH: /usr/sbin
PATH: /sbin
PATH: /bin
PATH: /usr/bin/X11
PATH: /usr/etc
PATH: /usr/local/bin


## ----------- ##
## Core tests. ##
## ----------- ##

configure:2084: checking for gcc
configure:2111: result: gcc
configure:2343: checking for C compiler version
configure:2351: gcc --version >&5
gcc (GCC) 4.4.6 20110731 (Red Hat 4.4.6-3)
Copyright (C) 2010 Free Software Foundation, Inc.
This is free software; see the source for copying conditions.  There is NO
warranty; not even for MERCHANTABILITY or FITNESS FOR A PARTICULAR PURPOSE.

configure:2355: $? = 0
configure:2362: gcc -v >&5
Using built-in specs.
Target: x86_64-redhat-linux
Configured with: ../configure --prefix=/usr --mandir=/usr/share/man --infodir=/usr/share/info --with-bugurl=http://bugzilla.redhat.com/bugzilla --enable-bootstrap --enable-shared --enable-threads=posix --enable-checking=release --with-system-zlib --enable-__cxa_atexit --disable-libunwind-exceptions --enable-gnu-unique-object --enable-languages=c,c++,objc,obj-c++,java,fortran,ada --enable-java-awt=gtk --disable-dssi --with-java-home=/usr/lib/jvm/java-1.5.0-gcj-1.5.0.0/jre --enable-libgcj-multifile --enable-java-maintainer-mode --with-ecj-jar=/usr/share/java/eclipse-ecj.jar --disable-libjava-multilib --with-ppl --with-cloog --with-tune=generic --with-arch_32=i686 --build=x86_64-redhat-linux
Thread model: posix
gcc version 4.4.6 20110731 (Red Hat 4.4.6-3) (GCC) 
configure:2366: $? = 0
configure:2373: gcc -V >&5
gcc: '-V' option must have argument
configure:2377: $? = 1
configure:2400: checking for C compiler default output file name
configure:2422: gcc    conftest.c  >&5
configure:2426: $? = 0
configure:2464: result: a.out
configure:2483: checking whether the C compiler works
configure:2493: ./a.out
configure:2497: $? = 0
configure:2516: result: yes
configure:2523: checking whether we are cross compiling
configure:2525: result: no
configure:2528: checking for suffix of executables
configure:2535: gcc -o conftest    conftest.c  >&5
configure:2539: $? = 0
configure:2565: result: 
configure:2571: checking for suffix of object files
configure:2597: gcc -c   conftest.c >&5
configure:2601: $? = 0
configure:2626: result: o
configure:2630: checking whether we are using the GNU C compiler
configure:2659: gcc -c   conftest.c >&5
configure:2666: $? = 0
configure:2683: result: yes
configure:2692: checking whether gcc accepts -g
configure:2722: gcc -c -g  conftest.c >&5
configure:2729: $? = 0
configure:2830: result: yes
configure:2847: checking for gcc option to accept ISO C89
configure:2921: gcc  -c -g -O2  conftest.c >&5
configure:2928: $? = 0
configure:2951: result: none needed
configure:2970: checking whether gcc and cc understand -c and -o together
configure:3005: gcc -c conftest.c -o conftest2.o >&5
configure:3009: $? = 0
configure:3015: gcc -c conftest.c -o conftest2.o >&5
configure:3019: $? = 0
configure:3030: cc -c conftest.c >&5
configure:3034: $? = 0
configure:3042: cc -c conftest.c -o conftest2.o >&5
configure:3046: $? = 0
configure:3052: cc -c conftest.c -o conftest2.o >&5
configure:3056: $? = 0
configure:3074: result: yes
configure:3115: checking how to run the C preprocessor
configure:3155: gcc -E  conftest.c
configure:3162: $? = 0
configure:3193: gcc -E  conftest.c
conftest.c:8:28: error: ac_nonexistent.h: No such file or directory
configure:3200: $? = 1
configure: failed program was:
| /* confdefs.h.  */
| #define PACKAGE_NAME "dsclim"
| #define PACKAGE_TARNAME "dsclim"
| #define PACKAGE_VERSION "1.5.16"
| #define PACKAGE_STRING "dsclim 1.5.16"
| #define PACKAGE_BUGREPORT "Christian Page christian.page@cerfacs.fr"
| /* end confdefs.h.  */
| #include <ac_nonexistent.h>
configure:3233: result: gcc -E
configure:3262: gcc -E  conftest.c
configure:3269: $? = 0
configure:3300: gcc -E  conftest.c
conftest.c:8:28: error: ac_nonexistent.h: No such file or directory
configure:3307: $? = 1
configure: failed program was:
| /* confdefs.h.  */
| #define PACKAGE_NAME "dsclim"
| #define PACKAGE_TARNAME "dsclim"
| #define PACKAGE_VERSION "1.5.16"
| #define PACKAGE_STRING "dsclim 1.5.16"
| #define PACKAGE_BUGREPORT "Christian Page christian.page@cerfacs.fr"
| /* end confdefs.h.  */
| #include <ac_nonexistent.h>
configure:3347: checking for grep that handles long lines and -e
configure:3407: result: fgrep
configure:3412: checking for egrep
configure:3476: result: /bin/egrep
configure:3481: checking for ANSI C header files
configure:3511: gcc -c -g -O2  conftest.c >&5
configure:3518: $? = 0
configure:3617: gcc -o conftest -g -O2   conftest.c  >&5
configure:3621: $? = 0
configure:3627: ./conftest
configure:3631: $? = 0
configure:3649: result: yes
configure:3673: checking for sys/types.h
configure:3694: gcc -c -g -O2  conftest.c >&5
configure:3701: $? = 0
configure:3718: result: yes
configure:3673: checking for sys/stat.h
configure:3694: gcc -c -g -O2  conftest.c >&5
configure:3701: $? = 0
configure:3718: result: yes
configure:3673: checking for stdlib.h
configure:3694: gcc -c -g -O2  conftest.c >&5
configure:3701: $? = 0
configure:3718: result: yes
configure:3673: checking for string.h
configure:3694: gcc -c -g -O2  conftest.c >&5
configure:3701: $? = 0
configure:3718: result: yes
configure:3673: checking for memory.h
configure:3694: gcc -c -g -O2  conftest.c >&5
configure:3701: $? = 0
configure:3718: result: yes
configure:3673: checking for strings.h
configure:3694: gcc -c -g -O2  conftest.c >&5
configure:3701: $? = 0
configure:3718: result: yes
configure:3673: checking for inttypes.h
configure:3694: gcc -c -g -O2  conftest.c >&5
configure:3701: $? = 0
configure:3718: result: yes
configure:3673: checking for stdint.h
configure:3694: gcc -c -g -O2  conftest.c >&5
configure:3701: $? = 0
configure:3718: result: yes
configure:3673: checking for unistd.h
configure:3694: gcc -c -g -O2  conftest.c >&5
configure:3701: $? = 0
configure:3718: result: yes
configure:3749: checking for stdlib.h
configure:3756: result: yes
configure:3760: checking math.h usability
configure:3777: gcc -c -g -O2  conftest.c >&5
configure:3784: $? = 0
configure:3798: result: yes
configure:3802: checking math.h presence
configure:3817: gcc -E  conftest.c
configure:3824: $? = 0
configure:3838: result: yes
configure:3871: checking for math.h
configure:3880: result: yes
configure:3760: checking libgen.h usability
configure:3777: gcc -c -g -O2  conftest.c >&5
configure:3784: $? = 0
configure:3798: result: yes
configure:3802: checking libgen.h presence
configure:3817: gcc -E  conftest.c
configure:3824: $? = 0
configure:3838: result: yes
configure:3871: checking for libgen.h
configure:3880: result: yes
configure:3749: checking for string.h
configure:3756: result: yes
configure:3760: checking signal.h usability
configure:3777: gcc -c -g -O2  conftest.c >&5
configure:3784: $? = 0
configure:3798: result: yes
configure:3802: checking signal.h presence
configure:3817: gcc -E  conftest.c
configure:3824: $? = 0
configure:3838: result: yes
configure:3871: checking for signal.h
configure:3880: result: yes
configure:3749: checking for sys/types.h
configure:3756: result: yes
configure:3760: checking stdio.h usability
configure:3777: gcc -c -g -O2  conftest.c >&5
configure:3784: $? = 0
configure:3798: result: yes
configure:3802: checking stdio.h presence
configure:3817: gcc -E  conftest.c
configure:3824: $? = 0
configure:3838: result: yes
configure:3871: checking for stdio.h
configure:3880: result: yes
configure:3760: checking time.h usability
configure:3777: gcc -c -g -O2  conftest.c >&5
configure:3784: $? = 0
configure:3798: result: yes
configure:3802: checking time.h presence
configure:3817: gcc -E  conftest.c
configure:3824: $? = 0
configure:3838: result: yes
configure:3871: checking for time.h
configure:3880: result: yes
configure:3760: checking fcntl.h usability
configure:3777: gcc -c -g -O2  conftest.c >&5
configure:3784: $? = 0
configure:3798: result: yes
configure:3802: checking fcntl.h presence
configure:3817: gcc -E  conftest.c
configure:3824: $? = 0
configure:3838: result: yes
configure:3871: checking for fcntl.h
configure:3880: result: yes
configure:3749: checking for unistd.h
configure:3756: result: yes
configure:3749: checking for sys/stat.h
configure:3756: result: yes
configure:3760: checking sys/mman.h usability
configure:3777: gcc -c -g -O2  conftest.c >&5
configure:3784: $? = 0
configure:3798: result: yes
configure:3802: checking sys/mman.h presence
configure:3817: gcc -E  conftest.c
configure:3824: $? = 0
configure:3838: result: yes
configure:3871: checking for sys/mman.h
configure:3880: result: yes
configure:3760: checking errno.h usability
configure:3777: gcc -c -g -O2  conftest.c >&5
configure:3784: $? = 0
configure:3798: result: yes
configure:3802: checking errno.h presence
configure:3817: gcc -E  conftest.c
configure:3824: $? = 0
configure:3838: result: yes
configure:3871: checking for errno.h
configure:3880: result: yes
configure:3895: checking return type of signal handlers
configure:3923: gcc -c -g -O2  conftest.c >&5
conftest.c: In function 'main':
conftest.c:37: error: void value not ignored as it ought to be
configure:3930: $? = 1
configure: failed program was:
| /* confdefs.h.  */
| #define PACKAGE_NAME "dsclim"
| #define PACKAGE_TARNAME "dsclim"
| #define PACKAGE_VERSION "1.5.16"
| #define PACKAGE_STRING "dsclim 1.5.16"
| #define PACKAGE_BUGREPORT "Christian Page christian.page@cerfacs.fr"
| #define STDC_HEADERS 1
| #define HAVE_SYS_TYPES_H 1
| #define HAVE_SYS_STAT_H 1
| #define HAVE_STDLIB_H 1
| #define HAVE_STRING_H 1
| #define HAVE_MEMORY_H 1
| #define HAVE_STRINGS_H 1
| #define HAVE_INTTYPES_H 1
| #define HAVE_STDINT_H 1
| #define HAVE_UNISTD_H 1
| #define HAVE_STDLIB_H 1
| #define HAVE_MATH_H 1
| #define HAVE_LIBGEN_H 1
| #define HAVE_STRING_H 1
| #define HAVE_SIGNAL_H 1
| #define HAVE_SYS_TYPES_H 1
| #define HAVE_STDIO_H 1
| #define HAVE_TIME_H 1
| #define HAVE_FCNTL_H 1
| #define HAVE_UNISTD_H 1
| #define HAVE_SYS_STAT_H 1
| #define HAVE_SYS_MMAN_H 1
| #define HAVE_ERRNO_H 1
| /* end confdefs.h.  */
| #include <sys/types.h>
| #include <signal.h>
| 
| int
| main ()
| {
| return *(signal (0, 0)) (0) == 1;
|   ;
|   return 0;
| }
configure:3945: result: void
configure:3953: checking for an ANSI C-conforming const
configure:4028: gcc -c -g -O2  conftest.c >&5
configure:4035: $? = 0
configure:4050: result: yes
configure:4060: checking for inline
configure:4086: gcc -c -g -O2  conftest.c >&5
configure:4093: $? = 0
configure:4111: result: inline
configure:4130: checking for size_t
configure:4158: gcc -c -g -O2  conftest.c >&5
configure:4165: $? = 0
configure:4192: gcc -c -g -O2  conftest.c >&5
conftest.c: In function 'main':
conftest.c:68: error: expected expression before ')' token
configure:4199: $? = 1
configure: failed program was:
| /* confdefs.h.  */
| #define PACKAGE_NAME "dsclim"
| #define PACKAGE_TARNAME "dsclim"
| #define PACKAGE_VERSION "1.5.16"
| #define PACKAGE_STRING "dsclim 1.5.16"
| #define PACKAGE_BUGREPORT "Christian Page christian.page@cerfacs.fr"
| #define STDC_HEADERS 1
| #define HAVE_SYS_TYPES_H 1
| #define HAVE_SYS_STAT_H 1
| #define HAVE_STDLIB_H 1
| #define HAVE_STRING_H 1
| #define HAVE_MEMORY_H 1
| #define HAVE_STRINGS_H 1
| #define HAVE_INTTYPES_H 1
| #define HAVE_STDINT_H 1
| #define HAVE_UNISTD_H 1
| #define HAVE_STDLIB_H 1
| #define HAVE_MATH_H 1
| #define HAVE_LIBGEN_H 1
| #define HAVE_STRING_H 1
| #define HAVE_SIGNAL_H 1
| #define HAVE_SYS_TYPES_H 1
| #define HAVE_STDIO_H 1
| #define HAVE_TIME_H 1
| #define HAVE_FCNTL_H 1
| #define HAVE_UNISTD_H 1
| #define HAVE_SYS_STAT_H 1
| #define HAVE_SYS_MMAN_H 1
| #define HAVE_ERRNO_H 1
| #define RETSIGTYPE void
| /* end confdefs.h.  */
| #include <stdio.h>
| #ifdef HAVE_SYS_TYPES_H
| # include <sys/types.h>
| #endif
| #ifdef HAVE_SYS_STAT_H
| # include <sys/stat.h>
| #endif
| #ifdef STDC_HEADERS
| # include <stdlib.h>
| # include <stddef.h>
| #else
| # ifdef HAVE_STDLIB_H
| #  include <stdlib.h>
| # endif
| #endif
| #ifdef HAVE_STRING_H
| # if !defined STDC_HEADERS && defined HAVE_MEMORY_H
| #  include <memory.h>
| # endif
| # include <string.h>
| #endif
| #ifdef HAVE_STRINGS_H
| # include <strings.h>
| #endif
| #ifdef HAVE_INTTYPES_H
| # include <inttypes.h>
| #endif
| #ifdef HAVE_STDINT_H
| # include <stdint.h>
| #endif
| #ifdef HAVE_UNISTD_H
| # include <unistd.h>
| #endif
| int
| main ()
| {
| if (sizeof ((size_t)))
| 	  return 0;
|   ;
|   return 0;
| }
configure:4222: result: yes
configure:4234: checking whether time.h and sys/time.h may both be included
configure:4264: gcc -c -g -O2  conftest.c >&5
configure:4271: $? = 0
configure:4286: result: yes
configure:4306: checking for debugging level
configure:4346: checking for libm
configure:4348: result: 
configure:4351: checking for math.h
configure:4356: result: yes
configure:4489: checking for ceil in -lm
configure:4524: gcc -o conftest -g -O2 -g -Wall -Werror   conftest.c -lm   >&5
cc1: warnings being treated as errors
conftest.c:41: error: conflicting types for built-in function 'ceil'
configure:4531: $? = 1
configure: failed program was:
| /* confdefs.h.  */
| #define PACKAGE_NAME "dsclim"
| #define PACKAGE_TARNAME "dsclim"
| #define PACKAGE_VERSION "1.5.16"
| #define PACKAGE_STRING "dsclim 1.5.16"
| #define PACKAGE_BUGREPORT "Christian Page christian.page@cerfacs.fr"
| #define STDC_HEADERS 1
| #define HAVE_SYS_TYPES_H 1
| #define HAVE_SYS_STAT_H 1
| #define HAVE_STDLIB_H 1
| #define HAVE_STRING_H 1
| #define HAVE_MEMORY_H 1
| #define HAVE_STRINGS_H 1
| #define HAVE_INTTYPES_H 1
| #define HAVE_STDINT_H 1
| #define HAVE_UNISTD_H 1
| #define HAVE_STDLIB_H 1
| #define HAVE_MATH_H 1
| #define HAVE_LIBGEN_H 1
| #define HAVE_STRING_H 1
| #define HAVE_SIGNAL_H 1
| #define HAVE_SYS_TYPES_H 1
| #define HAVE_STDIO_H 1
| #define HAVE_TIME_H 1
| #define HAVE_FCNTL_H 1
| #define HAVE_UNISTD_H 1
| #define HAVE_SYS_STAT_H 1
| #define HAVE_SYS_MMAN_H 1
| #define HAVE_ERRNO_H 1
| #define RETSIGTYPE void
| #define TIME_WITH_SYS_TIME 1
| #define DEBUG 4
| /* end confdefs.h.  */
| 
| /* Override any GCC internal prototype to avoid an error.
|    Use char because int might match the return type of a GCC
|    builtin and then its argument prototype would still apply.  */
| #ifdef __cplusplus
| extern "C"
| #endif
| char ceil ();
| int
| main ()
| {
| return ceil ();
|   ;
|   return 0;
| }
configure:4552: result: no
configure:4560: checking if libm library is complete
configure:4589: checking for udunits 2.x
configure:4591: result: /usr/local_gcc
configure:4603: checking udunits2.h usability
configure:4620: gcc -c -g -O2 -g -Wall -Werror  -I/usr/local_gcc/include conftest.c >&5
configure:4627: $? = 0
configure:4641: result: yes
configure:4645: checking udunits2.h presence
configure:4660: gcc -E  -I/usr/local_gcc/include conftest.c
configure:4667: $? = 0
configure:4681: result: yes
configure:4714: checking for udunits2.h
configure:4721: result: yes
configure:4732: checking for utInit in -ludunits2
configure:4767: gcc -o conftest -g -O2 -g -Wall -Werror  -I/usr/local_gcc/include  -L/usr/local_gcc/lib conftest.c -ludunits2 -lm -lexpat  >&5
configure:4774: $? = 0
configure:4795: result: yes
configure:4803: checking if udunits 2.x support package is complete
configure:4819: result: yes
configure:4872: checking for zlib
configure:4874: result: system
configure:4886: checking zlib.h usability
configure:4903: gcc -c -g -O2 -g -Wall -Werror  -I/usr/local_gcc/include conftest.c >&5
configure:4910: $? = 0
configure:4924: result: yes
configure:4928: checking zlib.h presence
configure:4943: gcc -E  -I/usr/local_gcc/include conftest.c
configure:4950: $? = 0
configure:4964: result: yes
configure:4997: checking for zlib.h
configure:5004: result: yes
configure:5015: checking for deflate in -lz
configure:5050: gcc -o conftest -g -O2 -g -Wall -Werror  -I/usr/local_gcc/include  -L/usr/local_gcc/lib conftest.c -lz   >&5
configure:5057: $? = 0
configure:5078: result: yes
configure:5086: checking if zlib support package is complete
configure:5096: result: yes
configure:5148: checking for shapefile
configure:5150: result: system
configure:5162: checking shapefil.h usability
configure:5179: gcc -c -g -O2 -g -Wall -Werror  -I/usr/local_gcc/include conftest.c >&5
configure:5186: $? = 0
configure:5200: result: yes
configure:5204: checking shapefil.h presence
configure:5219: gcc -E  -I/usr/local_gcc/include conftest.c
configure:5226: $? = 0
configure:5240: result: yes
configure:5273: checking for shapefil.h
configure:5280: result: yes
configure:5291: checking for SHPOpen in -lshp
configure:5326: gcc -o conftest -g -O2 -g -Wall -Werror  -I/usr/local_gcc/include  -L/usr/local_gcc/lib conftest.c -lshp   >&5
configure:5333: $? = 0
configure:5354: result: yes
configure:5362: checking if shapefile support package is complete
configure:5372: result: yes
configure:5424: checking for hdf5
configure:5426: result: 
configure:5438: checking hdf5.h usability
configure:5455: gcc -c -g -O2 -g -Wall -Werror  -I/usr/local_gcc/include conftest.c >&5
configure:5462: $? = 0
configure:5476: result: yes
configure:5480: checking hdf5.h presence
configure:5495: gcc -E  -I/usr/local_gcc/include conftest.c
configure:5502: $? = 0
configure:5516: result: yes
configure:5549: checking for hdf5.h
configure:5556: result: yes
configure:5567: checking for H5check_version in -lhdf5
configure:5602: gcc -o conftest -g -O2 -g -Wall -Werror  -I/usr/local_gcc/include  -L/usr/local_gcc/lib conftest.c -lhdf5 -lhdf5_hl -lz -lm  >&5
configure:5609: $? = 0
configure:5630: result: yes
configure:5638: checking if hdf5 support package is complete
configure:5648: result: yes
configure:5698: checking for netcdf
configure:5700: result: 
configure:5712: checking netcdf.h usability
configure:5729: gcc -c -g -O2 -g -Wall -Werror  -I/softs/netcdf/4.3.3.1/gcc-4.4.6/include  -I/usr/local_gcc/include conftest.c >&5
configure:5736: $? = 0
configure:5750: result: yes
configure:5754: checking netcdf.h presence
configure:5769: gcc -E  -I/softs/netcdf/4.3.3.1/gcc-4.4.6/include  -I/usr/local_gcc/include conftest.c
configure:5776: $? = 0
configure:5790: result: yes
configure:5823: checking for netcdf.h
configure:5830: result: yes
configure:5841: checking for nc_create in -lnetcdf
configure:5876: gcc -o conftest -g -O2 -g -Wall -Werror  -I/softs/netcdf/4.3.3.1/gcc-4.4.6/include  -I/usr/local_gcc/include  -L/softs/netcdf/4.3.3.1/gcc-4.4.6/lib  -L/usr/local_gcc/lib conftest.c -lnetcdf -lhdf5_hl -lhdf5 -lz -lm  >&5
/usr/bin/ld: warning: libhdf5_hl.so.7, needed by /softs/netcdf/4.3.3.1/gcc-4.4.6/lib/libnetcdf.so, may conflict with libhdf5_hl.so.6
/usr/bin/ld: warning: libhdf5.so.7, needed by /softs/netcdf/4.3.3.1/gcc-4.4.6/lib/libnetcdf.so, may conflict with libhdf5.so.6
configure:5883: $? = 0
configure:5904: result: yes
configure:5912: checking if netcdf support package is complete
configure:5928: result: yes
configure:5998: checking for gsl-config
configure:6016: found /usr/bin/gsl-config
configure:6029: result: /usr/bin/gsl-config
configure:6038: checking for GSL - version >= 1.0
configure:6142: gcc -o conftest -g -O2 -g -Wall -Werror -I/usr/include  -I/softs/netcdf/4.3.3.1/gcc-4.4.6/include  -I/usr/local_gcc/include  -L/softs/netcdf/4.3.3.1/gcc-4.4.6/lib  -L/usr/local_gcc/lib conftest.c  -lgsl -lgslcblas -lm >&5
configure:6146: $? = 0
configure:6152: ./conftest
configure:6156: $? = 0
configure:6177: result: yes
configure:6284: checking for xml2
configure:6286: result: /usr
configure:6298: checking libxml/parser.h usability
configure:6315: gcc -c -g -O2 -g -Wall -Werror  -I/softs/netcdf/4.3.3.1/gcc-4.4.6/include  -I/usr/local_gcc/include -I/usr/include/libxml2 conftest.c >&5
configure:6322: $? = 0
configure:6336: result: yes
configure:6340: checking libxml/parser.h presence
configure:6355: gcc -E  -I/softs/netcdf/4.3.3.1/gcc-4.4.6/include  -I/usr/local_gcc/include -I/usr/include/libxml2 conftest.c
configure:6362: $? = 0
configure:6376: result: yes
configure:6409: checking for libxml/parser.h
configure:6416: result: yes
configure:6427: checking for xmlInitParser in -lxml2
configure:6462: gcc -o conftest -g -O2 -g -Wall -Werror  -I/softs/netcdf/4.3.3.1/gcc-4.4.6/include  -I/usr/local_gcc/include -I/usr/include/libxml2  -L/softs/netcdf/4.3.3.1/gcc-4.4.6/lib  -L/usr/local_gcc/lib -L/usr/lib conftest.c -lxml2 -lxml2  >&5
configure:6469: $? = 0
configure:6490: result: yes
configure:6498: checking if xml2 support package is complete
configure:6514: result: yes
configure:6583: checking for doxygen
configure:6599: found /usr/bin/doxygen
configure:6610: result: doxygen
configure:6731: checking for doxygen
configure:6749: found /usr/bin/doxygen
configure:6761: result: /usr/bin/doxygen
configure:6838: checking for perl
configure:6856: found /usr/bin/perl
configure:6868: result: /usr/bin/perl
configure:7015: checking for dot
configure:7033: found /usr/bin/dot
configure:7045: result: /usr/bin/dot
configure:8617: checking for a BSD-compatible install
configure:8685: result: /usr/bin/install -c
configure:8696: checking whether build environment is sane
configure:8756: result: yes
configure:8894: checking for a thread-safe mkdir -p
configure:8933: result: /bin/mkdir -p
configure:8946: checking for gawk
configure:8962: found /usr/bin/gawk
configure:8973: result: gawk
configure:8984: checking whether make sets $(MAKE)
configure:9006: result: yes
configure:9036: checking for style of include used by make
configure:9064: result: GNU
configure:9151: checking dependency style of gcc
configure:9261: result: gcc3
configure:9309: checking build system type
configure:9327: result: x86_64-unknown-linux-gnu
configure:9349: checking host system type
configure:9364: result: x86_64-unknown-linux-gnu
configure:9407: checking how to print strings
configure:9434: result: printf
configure:9455: checking for a sed that does not truncate output
configure:9521: result: /bin/sed
configure:9539: checking for fgrep
configure:9603: result: fgrep -F
configure:9638: checking for ld used by gcc
configure:9705: result: /usr/bin/ld
configure:9714: checking if the linker (/usr/bin/ld) is GNU ld
configure:9729: result: yes
configure:9741: checking for BSD- or MS-compatible name lister (nm)
configure:9790: result: /usr/bin/nm -B
configure:9920: checking the name lister (/usr/bin/nm -B) interface
configure:9927: gcc -c -g -O2 -g -Wall -Werror  -I/softs/netcdf/4.3.3.1/gcc-4.4.6/include  -I/usr/local_gcc/include -I/usr/include/libxml2 conftest.c >&5
configure:9930: /usr/bin/nm -B "conftest.o"
configure:9933: output
0000000000000000 B some_variable
configure:9940: result: BSD nm
configure:9943: checking whether ln -s works
configure:9947: result: yes
configure:9955: checking the maximum length of command line arguments
configure:10085: result: 3458764513820540925
configure:10102: checking whether the shell understands some XSI constructs
configure:10112: result: yes
configure:10116: checking whether the shell understands "+="
configure:10122: result: yes
configure:10157: checking how to convert x86_64-unknown-linux-gnu file names to x86_64-unknown-linux-gnu format
configure:10197: result: func_convert_file_noop
configure:10204: checking how to convert x86_64-unknown-linux-gnu file names to toolchain format
configure:10224: result: func_convert_file_noop
configure:10231: checking for /usr/bin/ld option to reload object files
configure:10238: result: -r
configure:10312: checking for objdump
configure:10328: found /usr/bin/objdump
configure:10339: result: objdump
configure:10371: checking how to recognize dependent libraries
configure:10573: result: pass_all
configure:10658: checking for dlltool
configure:10688: result: no
configure:10718: checking how to associate runtime and link libraries
configure:10745: result: printf %s\n
configure:10805: checking for ar
configure:10821: found /usr/bin/ar
configure:10832: result: ar
configure:10869: checking for archiver @FILE support
configure:10896: gcc -c -g -O2 -g -Wall -Werror  -I/softs/netcdf/4.3.3.1/gcc-4.4.6/include  -I/usr/local_gcc/include -I/usr/include/libxml2 conftest.c >&5
configure:10903: $? = 0
configure:10910: ar cru libconftest.a @conftest.lst >&5
configure:10913: $? = 0
configure:10918: ar cru libconftest.a @conftest.lst >&5
ar: conftest.o: No such file or directory
configure:10921: $? = 1
configure:10939: result: @
configure:10997: checking for strip
configure:11013: found /usr/bin/strip
configure:11024: result: strip
configure:11096: checking for ranlib
configure:11112: found /usr/bin/ranlib
configure:11123: result: ranlib
configure:11225: checking command to parse /usr/bin/nm -B output from gcc object
configure:11345: gcc -c -g -O2 -g -Wall -Werror  -I/softs/netcdf/4.3.3.1/gcc-4.4.6/include  -I/usr/local_gcc/include -I/usr/include/libxml2 conftest.c >&5
configure:11348: $? = 0
configure:11352: /usr/bin/nm -B conftest.o \| sed -n -e 's/^.*[ ]\([ABCDGIRSTW][ABCDGIRSTW]*\)[ ][ ]*\([_A-Za-z][_A-Za-z0-9]*\)$/\1 \2 \2/p' | sed '/ __gnu_lto/d' \> conftest.nm
configure:11355: $? = 0
cannot find nm_test_var in conftest.nm
configure:11345: gcc -c -g -O2 -g -Wall -Werror  -I/softs/netcdf/4.3.3.1/gcc-4.4.6/include  -I/usr/local_gcc/include -I/usr/include/libxml2 conftest.c >&5
configure:11348: $? = 0
configure:11352: /usr/bin/nm -B conftest.o \| sed -n -e 's/^.*[ ]\([ABCDGIRSTW][ABCDGIRSTW]*\)[ ][ ]*_\([_A-Za-z][_A-Za-z0-9]*\)$/\1 _\2 \2/p' | sed '/ __gnu_lto/d' \> conftest.nm
configure:11355: $? = 0
cannot run sed -n -e 's/^.*[	 ]\([ABCDGIRSTW][ABCDGIRSTW]*\)[	 ][	 ]*_\([_A-Za-z][_A-Za-z0-9]*\)$/\1 _\2 \2/p' | sed '/ __gnu_lto/d'
configure:11459: result: failed
configure:11499: checking for sysroot
configure:11531: result: no
configure:11608: gcc -c -g -O2 -g -Wall -Werror  -I/softs/netcdf/4.3.3.1/gcc-4.4.6/include  -I/usr/local_gcc/include -I/usr/include/libxml2 conftest.c >&5
configure:11611: $? = 0
configure:11816: checking for mt
configure:11846: result: no
configure:11866: checking if : is a manifest tool
configure:11872: : '-?'
configure:11880: result: no
configure:12550: checking for dlfcn.h
configure:12571: gcc -c -g -O2 -g -Wall -Werror  -I/softs/netcdf/4.3.3.1/gcc-4.4.6/include  -I/usr/local_gcc/include -I/usr/include/libxml2 conftest.c >&5
configure:12578: $? = 0
configure:12595: result: yes
configure:12803: checking for objdir
configure:12818: result: .libs
configure:13089: checking if gcc supports -fno-rtti -fno-exceptions
configure:13107: gcc -c -g -O2 -g -Wall -Werror  -I/softs/netcdf/4.3.3.1/gcc-4.4.6/include  -I/usr/local_gcc/include -I/usr/include/libxml2 -fno-rtti -fno-exceptions conftest.c >&5
cc1: warnings being treated as errors
cc1: error: command line option "-fno-rtti" is valid for C++/ObjC++ but not for C
configure:13111: $? = 1
configure:13124: result: no
configure:13451: checking for gcc option to produce PIC
configure:13458: result: -fPIC -DPIC
configure:13466: checking if gcc PIC flag -fPIC -DPIC works
configure:13484: gcc -c -g -O2 -g -Wall -Werror  -I/softs/netcdf/4.3.3.1/gcc-4.4.6/include  -I/usr/local_gcc/include -I/usr/include/libxml2 -fPIC -DPIC -DPIC conftest.c >&5
configure:13488: $? = 0
configure:13501: result: yes
configure:13530: checking if gcc static flag -static works
configure:13558: result: no
configure:13573: checking if gcc supports -c -o file.o
configure:13594: gcc -c -g -O2 -g -Wall -Werror  -I/softs/netcdf/4.3.3.1/gcc-4.4.6/include  -I/usr/local_gcc/include -I/usr/include/libxml2 -o out/conftest2.o conftest.c >&5
configure:13598: $? = 0
configure:13620: result: yes
configure:13628: checking if gcc supports -c -o file.o
configure:13675: result: yes
configure:13708: checking whether the gcc linker (/usr/bin/ld -m elf_x86_64) supports shared libraries
configure:14952: result: yes
configure:14989: checking whether -lc should be explicitly linked in
configure:14997: gcc -c -g -O2 -g -Wall -Werror  -I/softs/netcdf/4.3.3.1/gcc-4.4.6/include  -I/usr/local_gcc/include -I/usr/include/libxml2 conftest.c >&5
configure:15000: $? = 0
configure:15015: gcc -shared  -fPIC -DPIC conftest.o  -v -Wl,-soname -Wl,conftest -o conftest 2\>\&1 \| fgrep  -lc  \>/dev/null 2\>\&1
configure:15018: $? = 0
configure:15032: result: no
configure:15192: checking dynamic linker characteristics
configure:15713: gcc -o conftest -g -O2 -g -Wall -Werror  -I/softs/netcdf/4.3.3.1/gcc-4.4.6/include  -I/usr/local_gcc/include -I/usr/include/libxml2  -L/softs/netcdf/4.3.3.1/gcc-4.4.6/lib  -L/usr/local_gcc/lib -L/usr/lib -Wl,-rpath -Wl,/foo conftest.c  >&5
configure:15720: $? = 0
configure:15957: result: GNU/Linux ld.so
configure:16064: checking how to hardcode library paths into programs
configure:16089: result: immediate
configure:16942: checking whether stripping libraries is possible
configure:16947: result: yes
configure:16982: checking if libtool supports shared libraries
configure:16984: result: yes
configure:16987: checking whether to build shared libraries
configure:17008: result: yes
configure:17011: checking whether to build static libraries
configure:17015: result: yes
configure:17362: creating ./config.status

## ---------------------- ##
## Running config.status. ##
## ---------------------- ##

This file was extended by dsclim config.status 1.5.16, which was
generated by GNU Autoconf 2.63.  Invocation command line was

  CONFIG_FILES    = 
  CONFIG_HEADERS  = 
  CONFIG_LINKS    = 
  CONFIG_COMMANDS = 
  $ ./config.status 

on globcnode

config.status:1092: creating Makefile
config.status:1092: creating README
config.status:1092: creating m4/Makefile
config.status:1092: creating src/libs/Makefile
config.status:1092: creating src/libs/misc/Makefile
config.status:1092: creating src/libs/utils/Makefile
config.status:1092: creating src/libs/filter/Makefile
config.status:1092: creating src/libs/classif/Makefile
config.status:1092: creating src/libs/clim/Makefile
config.status:1092: creating src/libs/regress/Makefile
config.status:1092: creating src/libs/xml_utils/Makefile
config.status:1092: creating src/libs/io/Makefile
config.status:1092: creating src/libs/pceof/Makefile
config.status:1092: creating src/Makefile
config.status:1092: creating tests/Makefile
config.status:1092: creating config.h
config.status:1366: executing depfiles commands
config.status:1366: executing libtool commands

## ---------------- ##
## Cache variables. ##
## ---------------- ##

ac_cv_build=x86_64-unknown-linux-gnu
ac_cv_c_compiler_gnu=yes
ac_cv_c_const=yes
ac_cv_c_inline=inline
ac_cv_env_CC_set=set
ac_cv_env_CC_value=gcc
ac_cv_env_CFLAGS_set=
ac_cv_env_CFLAGS_value=
ac_cv_env_CPPFLAGS_set=
ac_cv_env_CPPFLAGS_value=
ac_cv_env_CPP_set=
ac_cv_env_CPP_value=
ac_cv_env_DOXYGEN_PAPER_SIZE_set=
ac_cv_env_DOXYGEN_PAPER_SIZE_value=
ac_cv_env_LDFLAGS_set=
ac_cv_env_LDFLAGS_value=
ac_cv_env_LIBS_set=
ac_cv_env_LIBS_value=
ac_cv_env_build_alias_set=
ac_cv_env_build_alias_value=
ac_cv_env_host_alias_set=
ac_cv_env_host_alias_value=
ac_cv_env_target_alias_set=
ac_cv_env_target_alias_value=
ac_cv_header_dlfcn_h=yes
ac_cv_header_errno_h=yes
ac_cv_header_fcntl_h=yes
ac_cv_header_hdf5_h=yes
ac_cv_header_inttypes_h=yes
ac_cv_header_libgen_h=yes
ac_cv_header_libxml_parser_h=yes
ac_cv_header_math_h=yes
ac_cv_header_memory_h=yes
ac_cv_header_netcdf_h=yes
ac_cv_header_shapefil_h=yes
ac_cv_header_signal_h=yes
ac_cv_header_stdc=yes
ac_cv_header_stdint_h=yes
ac_cv_header_stdio_h=yes
ac_cv_header_stdlib_h=yes
ac_cv_header_string_h=yes
ac_cv_header_strings_h=yes
ac_cv_header_sys_mman_h=yes
ac_cv_header_sys_stat_h=yes
ac_cv_header_sys_types_h=yes
ac_cv_header_time=yes
ac_cv_header_time_h=yes
ac_cv_header_udunits2_h=yes
ac_cv_header_unistd_h=yes
ac_cv_header_zlib_h=yes
ac_cv_host=x86_64-unknown-linux-gnu
ac_cv_lib_hdf5_H5check_version=yes
ac_cv_lib_m_ceil=no
ac_cv_lib_netcdf_nc_create=yes
ac_cv_lib_shp_SHPOpen=yes
ac_cv_lib_udunits2_utInit=yes
ac_cv_lib_xml2_xmlInitParser=yes
ac_cv_lib_z_deflate=yes
ac_cv_objext=o
ac_cv_path_EGREP=/bin/egrep
ac_cv_path_FGREP='fgrep -F'
ac_cv_path_GREP=fgrep
ac_cv_path_GSL_CONFIG=/usr/bin/gsl-config
ac_cv_path_SED=/bin/sed
ac_cv_path_ac_pt_DX_DOT=/usr/bin/dot
ac_cv_path_ac_pt_DX_DOXYGEN=/usr/bin/doxygen
ac_cv_path_ac_pt_DX_PERL=/usr/bin/perl
ac_cv_path_install='/usr/bin/install -c'
ac_cv_path_mkdir=/bin/mkdir
ac_cv_prog_AWK=gawk
ac_cv_prog_CPP='gcc -E'
ac_cv_prog_DOXYGEN=doxygen
ac_cv_prog_ac_ct_AR=ar
ac_cv_prog_ac_ct_CC=gcc
ac_cv_prog_ac_ct_OBJDUMP=objdump
ac_cv_prog_ac_ct_RANLIB=ranlib
ac_cv_prog_ac_ct_STRIP=strip
ac_cv_prog_cc_c89=
ac_cv_prog_cc_g=yes
ac_cv_prog_cc_gcc_c_o=yes
ac_cv_prog_make_make_set=yes
ac_cv_type_signal=void
ac_cv_type_size_t=yes
am_cv_CC_dependencies_compiler_type=gcc3
lt_cv_ar_at_file=@
lt_cv_archive_cmds_need_lc=no
lt_cv_deplibs_check_method=pass_all
lt_cv_file_magic_cmd='$MAGIC_CMD'
lt_cv_file_magic_test_file=
lt_cv_ld_reload_flag=-r
lt_cv_nm_interface='BSD nm'
lt_cv_objdir=.libs
lt_cv_path_LD=/usr/bin/ld
lt_cv_path_NM='/usr/bin/nm -B'
lt_cv_path_mainfest_tool=no
lt_cv_prog_compiler_c_o=yes
lt_cv_prog_compiler_pic='-fPIC -DPIC'
lt_cv_prog_compiler_pic_works=yes
lt_cv_prog_compiler_rtti_exceptions=no
lt_cv_prog_compiler_static_works=no
lt_cv_prog_gnu_ld=yes
lt_cv_sharedlib_from_linklib_cmd='printf %s\n'
lt_cv_shlibpath_overrides_runpath=no
lt_cv_sys_global_symbol_pipe=
lt_cv_sys_global_symbol_to_c_name_address='sed -n -e '\''s/^: \([^ ]*\)[ ]*$/  {\"\1\", (void *) 0},/p'\'' -e '\''s/^[ABCDGIRSTW]* \([^ ]*\) \([^ ]*\)$/  {"\2", (void *) \&\2},/p'\'''
lt_cv_sys_global_symbol_to_c_name_address_lib_prefix='sed -n -e '\''s/^: \([^ ]*\)[ ]*$/  {\"\1\", (void *) 0},/p'\'' -e '\''s/^[ABCDGIRSTW]* \([^ ]*\) \(lib[^ ]*\)$/  {"\2", (void *) \&\2},/p'\'' -e '\''s/^[ABCDGIRSTW]* \([^ ]*\) \([^ ]*\)$/  {"lib\2", (void *) \&\2},/p'\'''
lt_cv_sys_global_symbol_to_cdecl=
lt_cv_sys_max_cmd_len=3458764513820540925
lt_cv_to_host_file_cmd=func_convert_file_noop
lt_cv_to_tool_file_cmd=func_convert_file_noop

## ----------------- ##
## Output variables. ##
## ----------------- ##

ACLOCAL='${SHELL} /home/globc/page/codes/src/dsclim/config/missing --run aclocal-1.11'
AMDEPBACKSLASH='\'
AMDEP_FALSE='#'
AMDEP_TRUE=''
AMTAR='${SHELL} /home/globc/page/codes/src/dsclim/config/missing --run tar'
AR='ar'
AUTOCONF='${SHELL} /home/globc/page/codes/src/dsclim/config/missing --run autoconf'
AUTOHEADER='${SHELL} /home/globc/page/codes/src/dsclim/config/missing --run autoheader'
AUTOMAKE='${SHELL} /home/globc/page/codes/src/dsclim/config/missing --run automake-1.11'
AWK='gawk'
CC='gcc'
CCDEPMODE='depmode=gcc3'
CFLAGS='-g -O2 -g -Wall -Werror'
CPP='gcc -E'
CPPFLAGS=' -I/softs/netcdf/4.3.3.1/gcc-4.4.6/include  -I/usr/local_gcc/include -I/usr/include/libxml2'
CYGPATH_W='echo'
DEFS='-DHAVE_CONFIG_H'
DEPDIR='.deps'
DLLTOOL='false'
DOXYGEN='doxygen'
DOXYGEN_PAPER_SIZE=''
DSYMUTIL=''
DUMPBIN=''
DX_COND_chi_FALSE=''
DX_COND_chi_TRUE='#'
DX_COND_chm_FALSE=''
DX_COND_chm_TRUE='#'
DX_COND_doc_FALSE='#'
DX_COND_doc_TRUE=''
DX_COND_dot_FALSE='#'
DX_COND_dot_TRUE=''
DX_COND_html_FALSE='#'
DX_COND_html_TRUE=''
DX_COND_latex_FALSE=''
DX_COND_latex_TRUE='#'
DX_COND_man_FALSE=''
DX_COND_man_TRUE='#'
DX_COND_pdf_FALSE=''
DX_COND_pdf_TRUE='#'
DX_COND_ps_FALSE=''
DX_COND_ps_TRUE='#'
DX_COND_rtf_FALSE=''
DX_COND_rtf_TRUE='#'
DX_COND_xml_FALSE=''
DX_COND_xml_TRUE='#'
DX_CONFIG='doxygen.cfg'
DX_DOCDIR='doc'
DX_DOT='/usr/bin/dot'
DX_DOXYGEN='/usr/bin/doxygen'
DX_DVIPS=''
DX_EGREP=''
DX_ENV=' SRCDIR='\''.'\'' PROJECT='\''dsclim'\'' DOCDIR='\''doc'\'' VERSION='\''1.5.16'\'' PERL_PATH='\''/usr/bin/perl'\'' HAVE_DOT='\''YES'\'' DOT_PATH='\''/usr/bin'\'' GENERATE_MAN='\''NO'\'' GENERATE_RTF='\''NO'\'' GENERATE_XML='\''NO'\'' GENERATE_HTMLHELP='\''NO'\'' GENERATE_CHI='\''NO'\'' GENERATE_HTML='\''YES'\'' GENERATE_LATEX='\''NO'\'''
DX_FLAG_chi='0'
DX_FLAG_chm='0'
DX_FLAG_doc='1'
DX_FLAG_dot='1'
DX_FLAG_html='1'
DX_FLAG_man='0'
DX_FLAG_pdf='0'
DX_FLAG_ps='0'
DX_FLAG_rtf='0'
DX_FLAG_xml='0'
DX_HHC=''
DX_LATEX=''
DX_MAKEINDEX=''
DX_PDFLATEX=''
DX_PERL='/usr/bin/perl'
DX_PROJECT='dsclim'
ECHO_C=''
ECHO_N='-n'
ECHO_T=''
EGREP='/bin/egrep'
EXEEXT=''
FGREP='fgrep -F'
GREP='fgrep'
GSL_CFLAGS='-I/usr/include'
GSL_CONFIG='/usr/bin/gsl-config'
GSL_LIBS='-lgsl -lgslcblas -lm'
INSTALL_DATA='${INSTALL} -m 644'
INSTALL_PROGRAM='${INSTALL}'
INSTALL_SCRIPT='${INSTALL}'
INSTALL_STRIP_PROGRAM='$(install_sh) -c -s'
LD='/usr/bin/ld -m elf_x86_64'
LDFLAGS=' -L/softs/netcdf/4.3.3.1/gcc-4.4.6/lib  -L/usr/local_gcc/lib -L/usr/lib'
LIBOBJS=''
LIBS=''
LIBTOOL='$(SHELL) $(top_builddir)/libtool'
LIPO=''
LN_S='ln -s'
LTLIBOBJS=''
MAKEINFO='${SHELL} /home/globc/page/codes/src/dsclim/config/missing --run makeinfo'
MANIFEST_TOOL=':'
MKDIR_P='/bin/mkdir -p'
NCDF_CPPFLAGS='-I${netcdf_dir}/include'
NCDF_LIBS='-lnetcdf -lhdf5_hl -lhdf5 -lz -lm'
NM='/usr/bin/nm -B'
NMEDIT=''
OBJDUMP='objdump'
OBJEXT='o'
OTOOL64=''
OTOOL=''
PACKAGE='dsclim'
PACKAGE_BUGREPORT='Christian Page christian.page@cerfacs.fr'
PACKAGE_NAME='dsclim'
PACKAGE_STRING='dsclim 1.5.16'
PACKAGE_TARNAME='dsclim'
PACKAGE_VERSION='1.5.16'
PATH_SEPARATOR=':'
RANLIB='ranlib'
SED='/bin/sed'
SET_MAKE=''
SHELL='/bin/sh'
STRIP='strip'
UDUNITS_CPPFLAGS='-I${udunits_dir}/include'
UDUNITS_LIBS='-ludunits2 -lexpat -lm'
VERSION='1.5.16'
XML_CPPFLAGS='-I${xml2_dir}/include/libxml2'
XML_LIBS='-lxml2'
ac_ct_AR='ar'
ac_ct_CC='gcc'
ac_ct_DUMPBIN=''
am__EXEEXT_FALSE=''
am__EXEEXT_TRUE='#'
am__fastdepCC_FALSE='#'
am__fastdepCC_TRUE=''
am__include='include'
am__isrc=''
am__leading_dot='.'
am__quote=''
am__tar='${AMTAR} chof - "$$tardir"'
am__untar='${AMTAR} xf -'
bindir='${exec_prefix}/bin'
build='x86_64-unknown-linux-gnu'
build_alias=''
build_cpu='x86_64'
build_os='linux-gnu'
build_vendor='unknown'
datadir='${datarootdir}'
datarootdir='${prefix}/share'
docdir='${datarootdir}/doc/${PACKAGE_TARNAME}'
dvidir='${docdir}'
exec_prefix='${prefix}'
host='x86_64-unknown-linux-gnu'
host_alias=''
host_cpu='x86_64'
host_os='linux-gnu'
host_vendor='unknown'
htmldir='${docdir}'
includedir='${prefix}/include'
infodir='${datarootdir}/info'
install_sh='${SHELL} /home/globc/page/codes/src/dsclim/config/install-sh'
libdir='${exec_prefix}/lib'
libexecdir='${exec_prefix}/libexec'
localedir='${datarootdir}/locale'
localstatedir='${prefix}/var'
mandir='${datarootdir}/man'
mkdir_p='/bin/mkdir -p'
oldincludedir='/usr/include'
pdfdir='${docdir}'
prefix='/home/globc/page/codes/local'
program_transform_name='s,x,x,'
psdir='${docdir}'
sbindir='${exec_prefix}/sbin'
sharedstatedir='${prefix}/com'
sysconfdir='${prefix}/etc'
target_alias=''

## ----------- ##
## confdefs.h. ##
## ----------- ##

#define PACKAGE_NAME "dsclim"
#define PACKAGE_TARNAME "dsclim"
#define PACKAGE_VERSION "1.5.16"
#define PACKAGE_STRING "dsclim 1.5.16"
#define PACKAGE_BUGREPORT "Christian Page christian.page@cerfacs.fr"
#define STDC_HEADERS 1
#define HAVE_SYS_TYPES_H 1
#define HAVE_SYS_STAT_H 1
#define HAVE_STDLIB_H 1
#define HAVE_STRING_H 1
#define HAVE_MEMORY_H 1
#define HAVE_STRINGS_H 1
#define HAVE_INTTYPES_H 1
#define HAVE_STDINT_H 1
#define HAVE_UNISTD_H 1
#define HAVE_STDLIB_H 1
#define HAVE_MATH_H 1
#define HAVE_LIBGEN_H 1
#define HAVE_STRING_H 1
#define HAVE_SIGNAL_H 1
#define HAVE_SYS_TYPES_H 1
#define HAVE_STDIO_H 1
#define HAVE_TIME_H 1
#define HAVE_FCNTL_H 1
#define HAVE_UNISTD_H 1
#define HAVE_SYS_STAT_H 1
#define HAVE_SYS_MMAN_H 1
#define HAVE_ERRNO_H 1
#define RETSIGTYPE void
#define TIME_WITH_SYS_TIME 1
#define DEBUG 4
#define HAVE_UDUNITS2 1
#define HAVE_ZLIB 1
#define HAVE_SHAPEFILE 1
#define HAVE_HDF5LIB 1
#define HAVE_NETCDFLIB 1
#define HAVE_XML2 1
#define PACKAGE "dsclim"
#define VERSION "1.5.16"
#define HAVE_DLFCN_H 1
#define LT_OBJDIR ".libs/"

configure: exit 0
